<?xml version="1.0" encoding="UTF-8"?>
<!-- Generated by org.testng.reporters.JUnitReportReporter -->
<testsuite hostname="DESKTOP-6AACV9F" failures="0" tests="6" name="com.CRHCMedRefill_test.NegCases_PtVerification" time="46.064" errors="0" timestamp="2023-01-04T15:20:29 IST" skipped="0">
  <testcase classname="com.CRHCMedRefill_test.NegCases_PtVerification" name="Verification1" time="7.815"/>
  <system-out/>
  <testcase classname="com.CRHCMedRefill_test.NegCases_PtVerification" name="Verification1" time="7.670"/>
  <system-out/>
  <testcase classname="com.CRHCMedRefill_test.NegCases_PtVerification" name="Verification1" time="7.654"/>
  <system-out/>
  <testcase classname="com.CRHCMedRefill_test.NegCases_PtVerification" name="Verification1" time="7.531"/>
  <system-out/>
  <testcase classname="com.CRHCMedRefill_test.NegCases_PtVerification" name="Verification1" time="7.819"/>
  <system-out/>
  <testcase classname="com.CRHCMedRefill_test.NegCases_PtVerification" name="Verification2" time="7.575"/>
  <system-out/>
</testsuite> <!-- com.CRHCMedRefill_test.NegCases_PtVerification -->
