<?xml version="1.0" encoding="UTF-8"?>
<!-- Generated by org.testng.reporters.JUnitReportReporter -->
<testsuite hostname="DESKTOP-6AACV9F" failures="0" tests="1" name="com.CRHCMedRefill_test.ReadyOTP_Gmail" time="9.230" errors="0" timestamp="2023-01-05T12:08:27 IST" skipped="0">
  <testcase classname="com.CRHCMedRefill_test.ReadyOTP_Gmail" name="ReadOTP" time="9.230"/>
  <system-out/>
</testsuite> <!-- com.CRHCMedRefill_test.ReadyOTP_Gmail -->
