<?xml version="1.0" encoding="UTF-8"?>
<!-- Generated by org.testng.reporters.JUnitReportReporter -->
<testsuite hostname="DESKTOP-6AACV9F" failures="0" tests="1" name="com.CRHCMedRefill_test.PtVerificationScreen_test" time="6.082" errors="0" timestamp="2023-01-09T16:16:03 IST" skipped="0">
  <testcase classname="com.CRHCMedRefill_test.PtVerificationScreen_test" name="Verification" time="6.082"/>
  <system-out/>
</testsuite> <!-- com.CRHCMedRefill_test.PtVerificationScreen_test -->
