<?xml version="1.0" encoding="UTF-8"?>
<!-- Generated by org.testng.reporters.JUnitReportReporter -->
<testsuite hostname="DESKTOP-6AACV9F" failures="0" tests="1" name="com.CRHCMedRefill_test.NoMedListed_test" time="0.950" errors="0" timestamp="2023-01-12T15:20:01 IST" skipped="0">
  <testcase classname="com.CRHCMedRefill_test.NoMedListed_test" name="Medrefill" time="0.950"/>
  <system-out/>
</testsuite> <!-- com.CRHCMedRefill_test.NoMedListed_test -->
