<?xml version="1.0" encoding="UTF-8"?>
<!-- Generated by org.testng.reporters.JUnitReportReporter -->
<testsuite hostname="DESKTOP-6AACV9F" failures="0" tests="1" name="com.CRHCMedRefill_test.NegCases_MedRefill_test" time="17.004" errors="0" timestamp="2023-01-06T16:34:21 IST" skipped="0">
  <testcase classname="com.CRHCMedRefill_test.NegCases_MedRefill_test" name="Medrefill" time="17.004"/>
  <system-out/>
</testsuite> <!-- com.CRHCMedRefill_test.NegCases_MedRefill_test -->
