<?xml version="1.0" encoding="UTF-8"?>
<!-- Generated by org.testng.reporters.JUnitReportReporter -->
<testsuite hostname="DESKTOP-6AACV9F" failures="0" tests="1" name="com.CRHCMedRefill_test.NegCases_OTPVerification_test" time="21.477" errors="0" timestamp="2022-12-28T17:50:47 IST" skipped="0">
  <testcase classname="com.CRHCMedRefill_test.NegCases_OTPVerification_test" name="Verification" time="21.477"/>
  <system-out/>
</testsuite> <!-- com.CRHCMedRefill_test.NegCases_OTPVerification_test -->
