<?xml version="1.0" encoding="UTF-8"?>
<!-- Generated by org.testng.reporters.JUnitReportReporter -->
<testsuite hostname="DESKTOP-6AACV9F" failures="0" tests="6" name="com.CRHCMedRefill_test.NegCases_PtVerification_test" time="39.380" errors="0" timestamp="2023-01-10T13:19:21 IST" skipped="0">
  <testcase classname="com.CRHCMedRefill_test.NegCases_PtVerification_test" name="Verification1" time="6.052"/>
  <system-out/>
  <testcase classname="com.CRHCMedRefill_test.NegCases_PtVerification_test" name="Verification1" time="6.033"/>
  <system-out/>
  <testcase classname="com.CRHCMedRefill_test.NegCases_PtVerification_test" name="Verification1" time="6.011"/>
  <system-out/>
  <testcase classname="com.CRHCMedRefill_test.NegCases_PtVerification_test" name="Verification1" time="6.452"/>
  <system-out/>
  <testcase classname="com.CRHCMedRefill_test.NegCases_PtVerification_test" name="Verification1" time="5.892"/>
  <system-out/>
  <testcase classname="com.CRHCMedRefill_test.NegCases_PtVerification_test" name="Verification2" time="8.940"/>
  <system-out/>
</testsuite> <!-- com.CRHCMedRefill_test.NegCases_PtVerification_test -->
