<?xml version="1.0" encoding="UTF-8"?>
<!-- Generated by org.testng.reporters.JUnitReportReporter -->
<testsuite hostname="DESKTOP-6AACV9F" failures="0" tests="1" name="com.CRHCMedRefill_test.MedRefill_test" time="16.599" errors="0" timestamp="2023-01-09T16:45:27 IST" skipped="0">
  <testcase classname="com.CRHCMedRefill_test.MedRefill_test" name="Refill_Req" time="16.599"/>
  <system-out/>
</testsuite> <!-- com.CRHCMedRefill_test.MedRefill_test -->
