<?xml version="1.0" encoding="UTF-8"?>
<!-- Generated by org.testng.reporters.JUnitReportReporter -->
<testsuite hostname="DESKTOP-6AACV9F" failures="0" tests="1" name="com.CRHCMedRefill_test.MsgToProvider_test" time="30.197" errors="0" timestamp="2023-01-05T16:07:09 IST" skipped="0">
  <testcase classname="com.CRHCMedRefill_test.MsgToProvider_test" name="MsgRequest" time="30.197"/>
  <system-out/>
</testsuite> <!-- com.CRHCMedRefill_test.MsgToProvider_test -->
