<?xml version="1.0" encoding="UTF-8"?>
<!-- Generated by org.testng.reporters.JUnitReportReporter -->
<testsuite hostname="DESKTOP-6AACV9F" failures="0" tests="1" name="com.CRHCMedRefill_test.CrossBrowsing" time="10.589" errors="0" timestamp="2023-01-12T16:15:17 IST" skipped="0">
  <testcase classname="com.CRHCMedRefill_test.CrossBrowsing" name="LaunchUrl" time="10.589"/>
  <system-out/>
</testsuite> <!-- com.CRHCMedRefill_test.CrossBrowsing -->
